<?xml version="1.0" encoding="UTF-8" ?>
<testsuite tests="4" failures="0" name="eu.iqmulus.iqlib.datacollector.JsonProcessorTest" time="0.027" errors="0" skipped="0">
  <properties>
[...]
</properties>
  <testcase classname="eu.iqmulus.iqlib.datacollector.JsonProcessorTest" name="string_to_json_node_should_throw_null_pointer_exception" time="0.027"/>
  <testcase classname="eu.iqmulus.iqlib.datacollector.JsonProcessorTest" name="should_return_valid_json_node_by_host_from_json_file" time="0"/>
  <testcase classname="eu.iqmulus.iqlib.datacollector.JsonProcessorTest" name="should_return_json_node_from_json_string" time="0"/>
  <testcase classname="eu.iqmulus.iqlib.datacollector.JsonProcessorTest" name="file_to_json_node_should_throw_null_pointer_exception" time="0"/>
</testsuite>